<?xml version="1.0" encoding="UTF-8"?>
<testng-results ignored="0" total="1" passed="1" failed="0" skipped="0">
  <reporter-output>
  </reporter-output>
  <suite started-at="2024-03-27T19:33:01 IST" name="Default suite" finished-at="2024-03-27T19:34:15 IST" duration-ms="73676">
    <groups>
    </groups>
    <test started-at="2024-03-27T19:33:01 IST" name="Default test" finished-at="2024-03-27T19:34:15 IST" duration-ms="73676">
      <class name="com.TestNGdemos.D15OrangeHRM_EmployeeAdd">
        <test-method is-config="true" signature="beforeTest()[pri:0, instance:com.TestNGdemos.D15OrangeHRM_EmployeeAdd@306e95ec]" started-at="2024-03-27T19:33:01 IST" name="beforeTest" finished-at="2024-03-27T19:33:31 IST" duration-ms="30181" status="PASS">
          <reporter-output>
          </reporter-output>
        </test-method> <!-- beforeTest -->
        <test-method signature="f(java.lang.String,java.lang.String,java.lang.String,java.lang.String,java.lang.String)[pri:0, instance:com.TestNGdemos.D15OrangeHRM_EmployeeAdd@306e95ec]" started-at="2024-03-27T19:33:32 IST" name="f" data-provider="getlogindata" finished-at="2024-03-27T19:34:15 IST" duration-ms="43215" status="PASS">
          <params>
            <param index="0">
              <value>
                <![CDATA[Pratkhk]]>
              </value>
            </param>
            <param index="1">
              <value>
                <![CDATA[M]]>
              </value>
            </param>
            <param index="2">
              <value>
                <![CDATA[ophih]]>
              </value>
            </param>
            <param index="3">
              <value>
                <![CDATA[nnjkhggj]]>
              </value>
            </param>
            <param index="4">
              <value>
                <![CDATA[Prht@1n23]]>
              </value>
            </param>
          </params>
          <reporter-output>
          </reporter-output>
        </test-method> <!-- f -->
        <test-method is-config="true" signature="afterTest()[pri:0, instance:com.TestNGdemos.D15OrangeHRM_EmployeeAdd@306e95ec]" started-at="2024-03-27T19:34:15 IST" name="afterTest" finished-at="2024-03-27T19:34:15 IST" duration-ms="3" status="PASS">
          <reporter-output>
          </reporter-output>
        </test-method> <!-- afterTest -->
      </class> <!-- com.TestNGdemos.D15OrangeHRM_EmployeeAdd -->
    </test> <!-- Default test -->
  </suite> <!-- Default suite -->
</testng-results>
